Environment variables loaded:
PORT: 3000
MONGODB_URI: mongodb://127.0.0.1:27017/memes_db
SESSION_SECRET: your_super_secret_session_key
(node:29190) [MONGODB DRIVER] Warning: keepAlive is a deprecated option: Will not be able to turn off in the future.
(Use `node --trace-warnings ...` to show where the warning was created)
(node:29190) [MONGODB DRIVER] Warning: keepAliveInitialDelay is a deprecated option: Will not be configurable in the future.
Server running on port 3000
MongooseError: Operation `memes.find()` buffering timed out after 10000ms
    at Timeout.<anonymous> (/home/kishor/PROF/Project/Memes/node_modules/mongoose/lib/drivers/node-mongodb-native/collection.js:185:23)
    at listOnTimeout (node:internal/timers:569:17)
    at process.processTimers (node:internal/timers:512:7)
MongoDB Connection Error: MongooseServerSelectionError: connect ECONNREFUSED 127.0.0.1:27017
    at _handleConnectionErrors (/home/kishor/PROF/Project/Memes/node_modules/mongoose/lib/connection.js:816:11)
    at NativeConnection.openUri (/home/kishor/PROF/Project/Memes/node_modules/mongoose/lib/connection.js:791:11) {
  reason: TopologyDescription {
    type: 'Unknown',
    servers: Map(1) { '127.0.0.1:27017' => [ServerDescription] },
    stale: false,
    compatible: true,
    heartbeatFrequencyMS: 10000,
    localThresholdMS: 15,
    setName: null,
    maxElectionId: null,
    maxSetVersion: null,
    commonWireVersion: 0,
    logicalSessionTimeoutMinutes: null
  },
  code: undefined
}
Please ensure MongoDB is running:
1. Check MongoDB status: sudo systemctl status mongod
2. Start MongoDB if needed: sudo systemctl start mongod
